<?xml version="1.0" encoding="UTF-8"?>
<!-- Generated by org.testng.reporters.JUnitReportReporter -->
<testsuite hostname="Igor-PK" name="com.ohrimenko1988.QA_homework_4.Main" tests="4" failures="0" timestamp="25 Dec 2016 13:40:24 GMT" time="10.585" errors="0">
  <testcase name="goToPageAndCheckIt" time="1.328" classname="com.ohrimenko1988.QA_homework_4.Main"/>
  <testcase name="searchCheckAndSave" time="3.087" classname="com.ohrimenko1988.QA_homework_4.Main"/>
  <testcase name="searchCheckAndSave" time="2.991" classname="com.ohrimenko1988.QA_homework_4.Main"/>
  <testcase name="searchCheckAndSave" time="3.179" classname="com.ohrimenko1988.QA_homework_4.Main"/>
</testsuite> <!-- com.ohrimenko1988.QA_homework_4.Main -->
